2025-07-23 [09:41:29.665] [Server thread/INFO]: Loading server configuration
2025-07-23 [09:41:29.678] [Server thread/INFO]: Выбран Русский (rus) как основной язык
2025-07-23 [09:41:29.681] [Server thread/INFO]: Запускается сервер для Minecraft: Bedrock Edition версии v1.21.93
2025-07-23 [09:41:29.687] [Server thread/INFO]: Онлайн режим включен. Сервер проверяет, чтобы игроки прошли авторизацию в Xbox Live.
2025-07-23 [09:41:29.699] [Server thread/INFO]: Этот сервер работает под управлением PocketMine-MP версии 5.31.0
2025-07-23 [09:41:29.702] [Server thread/INFO]: PocketMine-MP распространяется под LGPL лицензией
2025-07-23 [09:41:30.247] [Server thread/INFO]: Loading resource packs...
2025-07-23 [09:41:30.455] [Server thread/INFO]: Подготовка мира "world"
2025-07-23 [09:41:30.515] [Server thread/NOTICE]: Генерируется территория точки появления для мира "world"
2025-07-23 [09:41:32.366] [Server thread/INFO]: Сетевой интерфейс Minecraft работает на 0.0.0.0:19132
2025-07-23 [09:41:32.368] [Server thread/INFO]: GS4 Query слушатель работает на 0.0.0.0:19132
2025-07-23 [09:41:32.450] [Server thread/INFO]: Сетевой интерфейс Minecraft работает на [::]:19133
2025-07-23 [09:41:32.453] [Server thread/INFO]: GS4 Query слушатель работает на [::]:19133
2025-07-23 [09:41:32.458] [Server thread/INFO]: Игровой режим по умолчанию: Режим выживания
2025-07-23 [09:41:32.469] [Server thread/INFO]: Если вы считаете этот проект полезным, рассмотрите возможность пожертвования на поддержку развития: https://patreon.com/pocketminemp
2025-07-23 [09:41:32.482] [Server thread/INFO]: Загружено (2.825 сек.)! Для справки, введите "help" или "?"
2025-07-23 [09:41:32.628] [Server thread/INFO]: [Memory Manager] [Cyclic Garbage Collector] Run #1 took 119.15 ms (106625 -> 0 roots, 0 cycles collected) - cumulative GC time: 119.15 ms
2025-07-23 [09:41:32.650] [Server thread/WARNING]: [Console Reader Daemon] Unexpected output from child process: Warning: PHP Startup: Invalid date.timezone value 'MSK', using 'UTC' instead in Unknown on line 0
2025-07-23 [09:41:33.006] [Server thread/INFO]: [World: world] Генерация территории спавна: 1 / 224 (0%)
2025-07-23 [09:41:33.029] [AsyncWorker#1 thread/INFO]: [Cyclic Garbage Collector] Run #1 took 20.18 ms (43350 -> 0 roots, 0 cycles collected) - cumulative GC time: 20.18 ms
2025-07-23 [09:41:33.268] [AsyncWorker#0 thread/INFO]: [Cyclic Garbage Collector] Run #1 took 8.74 ms (43356 -> 0 roots, 0 cycles collected) - cumulative GC time: 8.74 ms
2025-07-23 [09:41:46.442] [Server thread/INFO]: [World: world] Генерация территории спавна: 23 / 224 (10%)
2025-07-23 [09:41:48.242] [Server thread/INFO]: [World: world] Генерация территории спавна: 45 / 224 (20%)
2025-07-23 [09:41:50.347] [Server thread/INFO]: [World: world] Генерация территории спавна: 68 / 224 (30%)
2025-07-23 [09:41:51.463] [Server thread/INFO]: [World: world] Генерация территории спавна: 90 / 224 (40%)
2025-07-23 [09:41:52.839] [Server thread/INFO]: [World: world] Генерация территории спавна: 112 / 224 (50%)
2025-07-23 [09:41:53.203] [Server thread/INFO]: [World: world] Генерация территории спавна: 135 / 224 (60%)
2025-07-23 [09:41:53.646] [Server thread/INFO]: [World: world] Генерация территории спавна: 157 / 224 (70%)
2025-07-23 [09:41:54.236] [Server thread/INFO]: [World: world] Генерация территории спавна: 180 / 224 (80%)
2025-07-23 [09:41:54.557] [Server thread/INFO]: [World: world] Генерация территории спавна: 202 / 224 (90%)
2025-07-23 [09:41:54.869] [Server thread/INFO]: [World: world] Генерация территории спавна: 224 / 224 (100%)
2025-07-23 [09:43:43.745] [Server thread/INFO]: [NetworkSession: 77.246.102.153 46841] Сессия открыта
2025-07-23 [09:43:43.751] [Server thread/INFO]: [NetworkSession: 77.246.102.153 46841] Сессия закрыта: Несовместимая версия протокола (671)
2025-07-23 [09:49:51.520] [Server thread/INFO]: [NetworkSession: 194.147.50.63 10008] Сессия открыта
2025-07-23 [09:49:53.384] [Server thread/INFO]: [NetworkSession: 194.147.50.63 10008] Игрок: Arifoorete
2025-07-23 [09:49:56.079] [Server thread/INFO]: Arifoorete[/194.147.50.63:10008] вошел с id 1 на (world, 256, 65, 256)
2025-07-23 [09:49:56.275] [Server thread/INFO]: [Memory Manager] [Cyclic Garbage Collector] Run #2 took 29.02 ms (73913 -> 0 roots, 0 cycles collected) - cumulative GC time: 148.17 ms
2025-07-23 [09:49:59.871] [AsyncWorker#1 thread/INFO]: [Cyclic Garbage Collector] Run #2 took 36.81 ms (27292 -> 0 roots, 0 cycles collected) - cumulative GC time: 56.99 ms
2025-07-23 [09:50:00.007] [AsyncWorker#0 thread/INFO]: [Cyclic Garbage Collector] Run #2 took 38.08 ms (27306 -> 0 roots, 0 cycles collected) - cumulative GC time: 46.81 ms
2025-07-23 [09:50:01.759] [Server thread/INFO]: Arifoorete присоединился к игре
2025-07-23 [09:50:08.697] [Server thread/INFO]: Arifoorete вышел из игры
2025-07-23 [09:50:08.715] [Server thread/INFO]: [NetworkSession: Arifoorete] Сессия закрыта: Клиент отключился
2025-07-23 [09:50:09.010] [Server thread/INFO]: [Memory Manager] [Cyclic Garbage Collector] Run #3 took 104.40 ms (30022 -> 0 roots, 0 cycles collected) - cumulative GC time: 252.57 ms
2025-07-23 [09:55:33.534] [Server thread/INFO]: [NetworkSession: 194.147.50.63 10018] Сессия открыта
2025-07-23 [09:55:34.000] [Server thread/INFO]: [NetworkSession: 194.147.50.63 10018] Игрок: Arifoorete
2025-07-23 [09:55:35.076] [Server thread/INFO]: Arifoorete[/194.147.50.63:10018] вошел с id 2 на (world, 256.6885, 66, 257.8466)
2025-07-23 [09:55:38.471] [Server thread/INFO]: [Memory Manager] [Cyclic Garbage Collector] Run #4 took 56.30 ms (40244 -> 0 roots, 0 cycles collected) - cumulative GC time: 308.87 ms
2025-07-23 [09:55:41.523] [Server thread/INFO]: Arifoorete присоединился к игре
2025-07-23 [09:56:51.173] [Server thread/INFO]: [Arifoorete: Установлен собственный игровой режим на Творческий режим]
2025-07-23 [09:57:17.871] [Server thread/INFO]: [Memory Manager] [Cyclic Garbage Collector] Run #5 took 214.53 ms (50020 -> 0 roots, 0 cycles collected) - cumulative GC time: 523.40 ms
2025-07-23 [09:58:38.284] [Server thread/INFO]: Arifoorete вышел из игры
2025-07-23 [09:58:38.291] [Server thread/INFO]: [NetworkSession: Arifoorete] Сессия закрыта: Клиент отключился
2025-07-23 [09:58:48.605] [Server thread/INFO]: Received signal interrupt, stopping the server
2025-07-23 [09:58:48.610] [Server thread/INFO]: Выгрузка мира "world"
2025-07-23 [09:58:50.461] [Server thread/INFO]: Stopping other threads
2025-07-23 [10:00:50.784] [Server thread/INFO]: Loading server configuration
2025-07-23 [10:00:50.807] [Server thread/INFO]: Выбран Русский (rus) как основной язык
2025-07-23 [10:00:50.811] [Server thread/INFO]: Запускается сервер для Minecraft: Bedrock Edition версии v1.21.93
2025-07-23 [10:00:50.817] [Server thread/INFO]: Онлайн режим включен. Сервер проверяет, чтобы игроки прошли авторизацию в Xbox Live.
2025-07-23 [10:00:50.831] [Server thread/INFO]: Этот сервер работает под управлением PocketMine-MP версии 5.31.0
2025-07-23 [10:00:50.834] [Server thread/INFO]: PocketMine-MP распространяется под LGPL лицензией
2025-07-23 [10:00:51.398] [Server thread/INFO]: Loading resource packs...
2025-07-23 [10:00:51.644] [Server thread/INFO]: Подготовка мира "world"
2025-07-23 [10:00:52.522] [Server thread/INFO]: Сетевой интерфейс Minecraft работает на 0.0.0.0:19132
2025-07-23 [10:00:52.524] [Server thread/INFO]: GS4 Query слушатель работает на 0.0.0.0:19132
2025-07-23 [10:00:52.554] [Server thread/INFO]: Сетевой интерфейс Minecraft работает на [::]:19133
2025-07-23 [10:00:52.556] [Server thread/INFO]: GS4 Query слушатель работает на [::]:19133
2025-07-23 [10:00:52.559] [Server thread/INFO]: Игровой режим по умолчанию: Режим выживания
2025-07-23 [10:00:52.562] [Server thread/INFO]: Если вы считаете этот проект полезным, рассмотрите возможность пожертвования на поддержку развития: https://patreon.com/pocketminemp
2025-07-23 [10:00:52.566] [Server thread/INFO]: Загружено (1.784 сек.)! Для справки, введите "help" или "?"
2025-07-23 [10:00:52.640] [Server thread/INFO]: [Memory Manager] [Cyclic Garbage Collector] Run #1 took 64.98 ms (104792 -> 0 roots, 0 cycles collected) - cumulative GC time: 64.98 ms
2025-07-23 [10:00:52.646] [Server thread/WARNING]: [Console Reader Daemon] Unexpected output from child process: Warning: PHP Startup: Invalid date.timezone value 'MSK', using 'UTC' instead in Unknown on line 0
2025-07-23 [10:01:00.472] [Server thread/INFO]: Received signal interrupt, stopping the server
2025-07-23 [10:01:00.475] [Server thread/INFO]: Выгрузка мира "world"
2025-07-23 [10:01:00.496] [Server thread/INFO]: Stopping other threads
